# JRE version: Java(TM) SE Runtime Environment 18.9 (11.0.18+9) (build 11.0.18+9-LTS-195)
# Java VM: Java HotSpot(TM) 64-Bit Server VM 18.9 (11.0.18+9-LTS-195, mixed mode, tiered, compressed oops, g1 gc, windows-amd64)
Heap:
 garbage-first heap   total 834560K, used 297954K [0x0000000080000000, 0x0000000100000000)
  region size 1024K, 3 young (3072K), 3 survivors (3072K)
 Metaspace       used 126841K, capacity 130564K, committed 130816K, reserved 1163264K
  class space    used 15962K, capacity 17290K, committed 17408K, reserved 1048576K
GC Heap History (10 events):
Event: 2112.305 GC heap after
{Heap after GC invocations=131 (full 0):
 garbage-first heap   total 299008K, used 255401K [0x0000000080000000, 0x0000000100000000)
  region size 1024K, 2 young (2048K), 2 survivors (2048K)
 Metaspace       used 126591K, capacity 130307K, committed 130560K, reserved 1163264K
  class space    used 15963K, capacity 17298K, committed 17408K, reserved 1048576K
}
Event: 2112.617 GC heap before
{Heap before GC invocations=131 (full 0):
 garbage-first heap   total 299008K, used 266665K [0x0000000080000000, 0x0000000100000000)
  region size 1024K, 14 young (14336K), 2 survivors (2048K)
 Metaspace       used 126738K, capacity 130515K, committed 130816K, reserved 1163264K
  class space    used 15963K, capacity 17298K, committed 17408K, reserved 1048576K
}
Event: 2112.655 GC heap after
{Heap after GC invocations=132 (full 0):
 garbage-first heap   total 359424K, used 256898K [0x0000000080000000, 0x0000000100000000)
  region size 1024K, 2 young (2048K), 2 survivors (2048K)
 Metaspace       used 126738K, capacity 130515K, committed 130816K, reserved 1163264K
  class space    used 15963K, capacity 17298K, committed 17408K, reserved 1048576K
}
Event: 2113.177 GC heap before
{Heap before GC invocations=132 (full 0):
 garbage-first heap   total 359424K, used 283522K [0x0000000080000000, 0x0000000100000000)
  region size 1024K, 28 young (28672K), 2 survivors (2048K)
 Metaspace       used 126843K, capacity 130586K, committed 130816K, reserved 1163264K
  class space    used 15967K, capacity 17299K, committed 17408K, reserved 1048576K
}
Event: 2113.619 GC heap after
{Heap after GC invocations=133 (full 0):
 garbage-first heap   total 359424K, used 270336K [0x0000000080000000, 0x0000000100000000)
  region size 1024K, 4 young (4096K), 4 survivors (4096K)
 Metaspace       used 126843K, capacity 130586K, committed 130816K, reserved 1163264K
  class space    used 15967K, capacity 17299K, committed 17408K, reserved 1048576K
}
Event: 2114.360 GC heap before
{Heap before GC invocations=133 (full 0):
 garbage-first heap   total 359424K, used 291840K [0x0000000080000000, 0x0000000100000000)
  region size 1024K, 25 young (25600K), 4 survivors (4096K)
 Metaspace       used 126834K, capacity 130564K, committed 130816K, reserved 1163264K
  class space    used 15962K, capacity 17290K, committed 17408K, reserved 1048576K
}
Event: 2114.390 GC heap after
{Heap after GC invocations=134 (full 0):
 garbage-first heap   total 359424K, used 282112K [0x0000000080000000, 0x0000000100000000)
  region size 1024K, 4 young (4096K), 4 survivors (4096K)
 Metaspace       used 126834K, capacity 130564K, committed 130816K, reserved 1163264K
  class space    used 15962K, capacity 17290K, committed 17408K, reserved 1048576K
}
Event: 2114.596 GC heap before
{Heap before GC invocations=135 (full 0):
 garbage-first heap   total 359424K, used 299520K [0x0000000080000000, 0x0000000100000000)
  region size 1024K, 21 young (21504K), 4 survivors (4096K)
 Metaspace       used 126841K, capacity 130564K, committed 130816K, reserved 1163264K
  class space    used 15962K, capacity 17290K, committed 17408K, reserved 1048576K
}
Event: 2114.626 GC heap after
{Heap after GC invocations=136 (full 0):
 garbage-first heap   total 359424K, used 291840K [0x0000000080000000, 0x0000000100000000)
  region size 1024K, 3 young (3072K), 3 survivors (3072K)
 Metaspace       used 126841K, capacity 130564K, committed 130816K, reserved 1163264K
  class space    used 15962K, capacity 17290K, committed 17408K, reserved 1048576K
}
Event: 2114.872 GC heap before
{Heap before GC invocations=136 (full 0):
 garbage-first heap   total 359424K, used 306176K [0x0000000080000000, 0x0000000100000000)
  region size 1024K, 17 young (17408K), 3 survivors (3072K)
 Metaspace       used 126841K, capacity 130564K, committed 130816K, reserved 1163264K
  class space    used 15962K, capacity 17290K, committed 17408K, reserved 1048576K
}

